<?xml version="1.0" encoding="UTF-8"?>
<!-- Generated by org.testng.reporters.JUnitXMLReporter -->
<testsuite hostname="DESKTOP-VC0GCE0" name="Command line test d71da032-3867-4c96-aefb-797f2307d434" tests="1" failures="1" timestamp="12 Dec 2016 04:59:49 GMT" time="0.377" errors="0">
  <testcase name="testSimple on testSimple(managedbeans.ProductoControllerIT)" time="0.015" classname="managedbeans.ProductoControllerIT">
    <failure type="java.lang.ExceptionInInitializerError">
      <![CDATA[java.lang.ExceptionInInitializerError
	at org.junit.runners.BlockJUnit4ClassRunner.createTest(BlockJUnit4ClassRunner.java:195)
	at org.junit.runners.BlockJUnit4ClassRunner$1.runReflectiveCall(BlockJUnit4ClassRunner.java:244)
	at org.junit.internal.runners.model.ReflectiveCallable.run(ReflectiveCallable.java:12)
	at org.junit.runners.BlockJUnit4ClassRunner.methodBlock(BlockJUnit4ClassRunner.java:241)
	at org.junit.runners.BlockJUnit4ClassRunner.runChild(BlockJUnit4ClassRunner.java:70)
	at org.junit.runners.BlockJUnit4ClassRunner.runChild(BlockJUnit4ClassRunner.java:50)
	at org.junit.runners.ParentRunner$3.run(ParentRunner.java:238)
	at org.junit.runners.ParentRunner$1.schedule(ParentRunner.java:63)
	at org.junit.runners.ParentRunner.runChildren(ParentRunner.java:236)
	at org.junit.runners.ParentRunner.access$000(ParentRunner.java:53)
	at org.junit.runners.ParentRunner$2.evaluate(ParentRunner.java:229)
	at org.junit.runners.ParentRunner.run(ParentRunner.java:309)
	at org.junit.runner.JUnitCore.run(JUnitCore.java:160)
	at org.junit.runner.JUnitCore.run(JUnitCore.java:138)
Caused by: java.lang.RuntimeException: Uncompilable source code - package org.openqa.selenium.firefox does not exist
	at managedbeans.ProductoControllerIT.<clinit>(ProductoControllerIT.java:10)
	... 40 more
... Removed 26 stack frames]]>
    </failure>
  </testcase> <!-- testSimple on testSimple(managedbeans.ProductoControllerIT) -->
</testsuite> <!-- Command line test d71da032-3867-4c96-aefb-797f2307d434 -->
