<?xml version="1.0" encoding="UTF-8"?>
<!-- Generated by org.testng.reporters.JUnitXMLReporter -->
<testsuite hostname="DESKTOP-VC0GCE0" name="Command line test 1458c634-cdad-4b59-beff-ebe0a9c90453" tests="2" failures="2" timestamp="12 Dec 2016 04:32:06 GMT" time="73.771" errors="0">
  <testcase name="testSimple on testSimple(managedbeans.ProductoControllerIT)" time="73.414" classname="managedbeans.ProductoControllerIT">
    <failure type="java.lang.NullPointerException">
      <![CDATA[java.lang.NullPointerException
	at managedbeans.ProductoControllerIT.tearDown(ProductoControllerIT.java:99)
	at org.junit.runners.model.FrameworkMethod$1.runReflectiveCall(FrameworkMethod.java:47)
	at org.junit.internal.runners.model.ReflectiveCallable.run(ReflectiveCallable.java:12)
	at org.junit.runners.model.FrameworkMethod.invokeExplosively(FrameworkMethod.java:44)
	at org.junit.internal.runners.statements.RunAfters.evaluate(RunAfters.java:33)
	at org.junit.runners.ParentRunner.runLeaf(ParentRunner.java:271)
	at org.junit.runners.BlockJUnit4ClassRunner.runChild(BlockJUnit4ClassRunner.java:70)
	at org.junit.runners.BlockJUnit4ClassRunner.runChild(BlockJUnit4ClassRunner.java:50)
	at org.junit.runners.ParentRunner$3.run(ParentRunner.java:238)
	at org.junit.runners.ParentRunner$1.schedule(ParentRunner.java:63)
	at org.junit.runners.ParentRunner.runChildren(ParentRunner.java:236)
	at org.junit.runners.ParentRunner.access$000(ParentRunner.java:53)
	at org.junit.runners.ParentRunner$2.evaluate(ParentRunner.java:229)
	at org.junit.runners.ParentRunner.run(ParentRunner.java:309)
	at org.junit.runner.JUnitCore.run(JUnitCore.java:160)
	at org.junit.runner.JUnitCore.run(JUnitCore.java:138)
... Removed 26 stack frames]]>
    </failure>
  </testcase> <!-- testSimple on testSimple(managedbeans.ProductoControllerIT) -->
  <testcase name="testSimple on testSimple(managedbeans.ProductoControllerIT)" time="73.414" classname="managedbeans.ProductoControllerIT">
    <failure type="java.lang.NullPointerException">
      <![CDATA[java.lang.NullPointerException
	at managedbeans.ProductoControllerIT.tearDown(ProductoControllerIT.java:99)
	at org.junit.runners.model.FrameworkMethod$1.runReflectiveCall(FrameworkMethod.java:47)
	at org.junit.internal.runners.model.ReflectiveCallable.run(ReflectiveCallable.java:12)
	at org.junit.runners.model.FrameworkMethod.invokeExplosively(FrameworkMethod.java:44)
	at org.junit.internal.runners.statements.RunAfters.evaluate(RunAfters.java:33)
	at org.junit.runners.ParentRunner.runLeaf(ParentRunner.java:271)
	at org.junit.runners.BlockJUnit4ClassRunner.runChild(BlockJUnit4ClassRunner.java:70)
	at org.junit.runners.BlockJUnit4ClassRunner.runChild(BlockJUnit4ClassRunner.java:50)
	at org.junit.runners.ParentRunner$3.run(ParentRunner.java:238)
	at org.junit.runners.ParentRunner$1.schedule(ParentRunner.java:63)
	at org.junit.runners.ParentRunner.runChildren(ParentRunner.java:236)
	at org.junit.runners.ParentRunner.access$000(ParentRunner.java:53)
	at org.junit.runners.ParentRunner$2.evaluate(ParentRunner.java:229)
	at org.junit.runners.ParentRunner.run(ParentRunner.java:309)
	at org.junit.runner.JUnitCore.run(JUnitCore.java:160)
	at org.junit.runner.JUnitCore.run(JUnitCore.java:138)
... Removed 26 stack frames]]>
    </failure>
  </testcase> <!-- testSimple on testSimple(managedbeans.ProductoControllerIT) -->
</testsuite> <!-- Command line test 1458c634-cdad-4b59-beff-ebe0a9c90453 -->
